<?xml version="1.0" encoding="UTF-8"?>
<!-- Generated by org.testng.reporters.JUnitXMLReporter -->
<testsuite hostname="IT2" ignored="0" name="Default test" tests="19" failures="0" timestamp="22 Jun 2018 21:32:42 GMT" time="29.262" errors="0">
  <testcase name="testCase1_6" time="1.697" classname="com.cybertek.Porsche"/>
  <testcase name="testCase1_7" time="0.046" classname="com.cybertek.Porsche"/>
  <testcase name="testCase1_8" time="0.146" classname="com.cybertek.Porsche"/>
  <testcase name="testCase1_9" time="0.339" classname="com.cybertek.Porsche"/>
  <testcase name="testCase2_0" time="0.077" classname="com.cybertek.Porsche"/>
  <testcase name="testCase2_1" time="0.119" classname="com.cybertek.Porsche"/>
  <testcase name="testCase2_2" time="0.424" classname="com.cybertek.Porsche"/>
  <testcase name="testCase2_3" time="0.075" classname="com.cybertek.Porsche"/>
  <testcase name="testCase2_4" time="0.118" classname="com.cybertek.Porsche"/>
  <testcase name="testCase2_5" time="3.156" classname="com.cybertek.Porsche"/>
  <testcase name="testCase2_6" time="0.098" classname="com.cybertek.Porsche"/>
  <testcase name="testCase2_7" time="0.096" classname="com.cybertek.Porsche"/>
  <testcase name="testCase2_8" time="2.241" classname="com.cybertek.Porsche"/>
  <testcase name="testCase2_9" time="2.306" classname="com.cybertek.Porsche"/>
  <testcase name="testCase3_0" time="0.12" classname="com.cybertek.Porsche"/>
  <testcase name="testCase3_1" time="0.095" classname="com.cybertek.Porsche"/>
  <testcase name="testCase3_2" time="7.519" classname="com.cybertek.Porsche"/>
  <testcase name="testCase3_5" time="0.163" classname="com.cybertek.Porsche"/>
  <testcase name="testCase3_6" time="0.092" classname="com.cybertek.Porsche"/>
</testsuite> <!-- Default test -->
